0 info it worked if it ends with ok
1 verbose cli [ '/usr/bin/node', '/usr/bin/npm', 'install', '-g', 'sass' ]
2 info using npm@3.5.2
3 info using node@v8.10.0
4 silly loadCurrentTree Starting
5 silly install loadCurrentTree
6 silly install readGlobalPackageData
7 silly fetchPackageMetaData sass
8 silly fetchNamedPackageData sass
9 silly mapToRegistry name sass
10 silly mapToRegistry using default registry
11 silly mapToRegistry registry https://registry.npmjs.org/
12 silly mapToRegistry uri https://registry.npmjs.org/sass
13 verbose request uri https://registry.npmjs.org/sass
14 verbose request no auth needed
15 info attempt registry request try #1 at 4:57:38 PM
16 verbose request id ef0981b26fe26f43
17 http request GET https://registry.npmjs.org/sass
18 http 200 https://registry.npmjs.org/sass
19 verbose headers { 'content-type': 'application/json; charset=UTF-8',
19 verbose headers   server: 'UploadServer',
19 verbose headers   'cache-control': 'max-age=300',
19 verbose headers   'last-modified': 'Fri, 4 May 2018 0:34:52 GMT',
19 verbose headers   etag: '"5aebaaac-977c"',
19 verbose headers   'x-npm-region': 'EU-East',
19 verbose headers   'content-encoding': 'gzip',
19 verbose headers   'content-length': '10361',
19 verbose headers   'accept-ranges': 'bytes',
19 verbose headers   date: 'Thu, 10 May 2018 13:57:39 GMT',
19 verbose headers   via: '1.1 varnish',
19 verbose headers   age: '948',
19 verbose headers   connection: 'keep-alive',
19 verbose headers   'x-served-by': 'cache-hhn1532-HHN',
19 verbose headers   'x-cache': 'HIT',
19 verbose headers   'x-cache-hits': '1',
19 verbose headers   'x-timer': 'S1525960659.343562,VS0,VE1',
19 verbose headers   vary: 'Accept-Encoding, Accept' }
20 silly get cb [ 200,
20 silly get   { 'content-type': 'application/json; charset=UTF-8',
20 silly get     server: 'UploadServer',
20 silly get     'cache-control': 'max-age=300',
20 silly get     'last-modified': 'Fri, 4 May 2018 0:34:52 GMT',
20 silly get     etag: '"5aebaaac-977c"',
20 silly get     'x-npm-region': 'EU-East',
20 silly get     'content-encoding': 'gzip',
20 silly get     'content-length': '10361',
20 silly get     'accept-ranges': 'bytes',
20 silly get     date: 'Thu, 10 May 2018 13:57:39 GMT',
20 silly get     via: '1.1 varnish',
20 silly get     age: '948',
20 silly get     connection: 'keep-alive',
20 silly get     'x-served-by': 'cache-hhn1532-HHN',
20 silly get     'x-cache': 'HIT',
20 silly get     'x-cache-hits': '1',
20 silly get     'x-timer': 'S1525960659.343562,VS0,VE1',
20 silly get     vary: 'Accept-Encoding, Accept' } ]
21 verbose get saving sass to /home/dan/.npm/registry.npmjs.org/sass/.cache.json
22 silly install normalizeTree
23 silly loadCurrentTree Finishing
24 silly loadIdealTree Starting
25 silly install loadIdealTree
26 silly cloneCurrentTree Starting
27 silly install cloneCurrentTreeToIdealTree
28 silly cloneCurrentTree Finishing
29 silly loadShrinkwrap Starting
30 silly install loadShrinkwrap
31 silly loadShrinkwrap Finishing
32 silly loadAllDepsIntoIdealTree Starting
33 silly install loadAllDepsIntoIdealTree
34 silly resolveWithNewModule sass@1.3.2 checking installable status
35 silly cache add args [ 'sass', null ]
36 verbose cache add spec sass
37 silly cache add parsed spec Result {
37 silly cache add   raw: 'sass',
37 silly cache add   scope: null,
37 silly cache add   name: 'sass',
37 silly cache add   rawSpec: '',
37 silly cache add   spec: 'latest',
37 silly cache add   type: 'tag' }
38 silly addNamed sass@latest
39 verbose addNamed "latest" is being treated as a dist-tag for sass
40 info addNameTag [ 'sass', 'latest' ]
41 silly mapToRegistry name sass
42 silly mapToRegistry using default registry
43 silly mapToRegistry registry https://registry.npmjs.org/
44 silly mapToRegistry uri https://registry.npmjs.org/sass
45 verbose addNameTag registry:https://registry.npmjs.org/sass not in flight; fetching
46 verbose get https://registry.npmjs.org/sass not expired, no request
47 silly addNameTag next cb for sass with tag latest
48 silly addNamed sass@1.3.2
49 verbose addNamed "1.3.2" is a plain semver version for sass
50 silly mapToRegistry name sass
51 silly mapToRegistry using default registry
52 silly mapToRegistry registry https://registry.npmjs.org/
53 silly mapToRegistry uri https://registry.npmjs.org/sass
54 verbose addRemoteTarball https://registry.npmjs.org/sass/-/sass-1.3.2.tgz not in flight; adding
55 verbose addRemoteTarball [ 'https://registry.npmjs.org/sass/-/sass-1.3.2.tgz',
55 verbose addRemoteTarball   '331fea13fb8d32cc3ffb3d1f352c917cfbae1950' ]
56 info retry fetch attempt 1 at 4:57:39 PM
57 info attempt registry request try #1 at 4:57:39 PM
58 http fetch GET https://registry.npmjs.org/sass/-/sass-1.3.2.tgz
59 http fetch 200 https://registry.npmjs.org/sass/-/sass-1.3.2.tgz
60 silly fetchAndShaCheck shasum 331fea13fb8d32cc3ffb3d1f352c917cfbae1950
61 verbose addTmpTarball /tmp/npm-11754-519942fa/registry.npmjs.org/sass/-/sass-1.3.2.tgz not in flight; adding
62 verbose addTmpTarball already have metadata; skipping unpack for sass@1.3.2
63 silly cache afterAdd sass@1.3.2
64 verbose afterAdd /home/dan/.npm/sass/1.3.2/package/package.json not in flight; writing
65 verbose afterAdd /home/dan/.npm/sass/1.3.2/package/package.json written
66 silly loadAllDepsIntoIdealTree Finishing
67 silly idealTree:prePrune lib
67 silly idealTree:prePrune └── sass@1.3.2
68 silly loadIdealTree Finishing
69 silly currentTree lib
70 silly idealTree lib
70 silly idealTree └── sass@1.3.2
71 silly generateActionsToTake Starting
72 silly install generateActionsToTake
73 warn checkPermissions Missing write access to /usr/local/lib
74 silly rollbackFailedOptional Starting
75 silly rollbackFailedOptional Finishing
76 silly runTopLevelLifecycles Starting
77 silly runTopLevelLifecycles Finishing
78 silly install printInstalled
79 verbose stack Error: EACCES: permission denied, access '/usr/local/lib'
80 verbose cwd /home/dan/coding/Web
81 error Linux 4.15.0-20-generic
82 error argv "/usr/bin/node" "/usr/bin/npm" "install" "-g" "sass"
83 error node v8.10.0
84 error npm  v3.5.2
85 error path /usr/local/lib
86 error code EACCES
87 error errno -13
88 error syscall access
89 error Error: EACCES: permission denied, access '/usr/local/lib'
89 error  { Error: EACCES: permission denied, access '/usr/local/lib'
89 error   errno: -13,
89 error   code: 'EACCES',
89 error   syscall: 'access',
89 error   path: '/usr/local/lib' }
90 error Please try running this command again as root/Administrator.
91 verbose exit [ -13, true ]
